[35m[Appium][39m Welcome to Appium v1.21.0
[35m[Appium][39m Non-default server args:
[35m[Appium][39m   port: 61740
[35m[Appium][39m   loglevel: info
[35m[Appium][39m   tmpDir: C:\Users\dagangan\AppData\Local\Temp\\Katalon\Appium\Temp1637509804101
[35m[Appium][39m   chromedriverPort: 61741
[35m[Appium][39m Deprecated server args:
[35m[Appium][39m   [31m--chromedriver-port[39m => --default-capabilities
[35m[Appium][39m Default capabilities, which will be added to each request unless overridden by desired capabilities:
[35m[Appium][39m   chromedriverPort: 61741
[35m[Appium][39m Appium REST http interface listener started on 0.0.0.0:61740
[35m[HTTP][39m [37m-->[39m [37mGET[39m [37m/wd/hub/status[39m
[35m[HTTP][39m [90m{}[39m
[35m[HTTP][39m [37m<-- GET /wd/hub/status [39m[32m200[39m [90m6 ms - 68[39m
[35m[HTTP][39m [90m[39m
[35m[HTTP][39m [37m-->[39m [37mGET[39m [37m/wd/hub/status[39m
[35m[HTTP][39m [90m{}[39m
[35m[HTTP][39m [37m<-- GET /wd/hub/status [39m[32m200[39m [90m1 ms - 68[39m
[35m[HTTP][39m [90m[39m
[35m[HTTP][39m [37m-->[39m [37mPOST[39m [37m/wd/hub/session[39m
[35m[HTTP][39m [90m{"desiredCapabilities":{"appActivity":".Settings","appPackage":"com.android.settings","newCommandTimeout":1800,"platformVersion":"10","automationName":"uiautomator2","autoGrantPermissions":true,"platformName":"Android","udid":"emulator-5554","deviceName":"emulator-5554 (Android SDK built for x86_64 - Android 10)","platform":"ANDROID","systemPort":8216},"capabilities":{"firstMatch":[{"appium:appActivity":".Settings","appium:appPackage":"com.android.settings","appium:autoGrantPermissions":true,"appium:automationName":"uiautomator2","appium:deviceName":"emulator-5554 (Android SDK built for x86_64 - Android 10)","appium:newCommandTimeout":1800,"platform":"ANDROID","platformName":"android","appium:platformVersion":"10","appium:systemPort":8216,"appium:udid":"emulator-5554"}]}}[39m
[35m[BaseDriver][39m The following capabilities are not standard capabilities and should have an extension prefix:
[35m[BaseDriver][39m   platform
[35m[BaseDriver][39m   chromedriverPort
[35m[Appium][39m Appium v1.21.0 creating new AndroidUiautomator2Driver (v1.65.0) session
[35m[BaseDriver][39m The following capabilities were provided, but are not recognized by Appium:
[35m[BaseDriver][39m   platform
[35m[BaseDriver][39m Session created with session id: 5f0dd772-92ce-4811-b48e-ebf38d4fe419
[35m[UiAutomator2][39m Starting 'com.android.settings' directly on the device
[35m[ADB][39m Found 1 'build-tools' folders under 'C:\Users\dagangan\.katalon\tools\android_sdk' (newest first):
[35m[ADB][39m     C:/Users/dagangan/.katalon/tools/android_sdk/build-tools/29.0.3
[35m[ADB][39m Using 'adb.exe' from 'C:\Users\dagangan\.katalon\tools\android_sdk\platform-tools\adb.exe'
[35m[AndroidDriver][39m Retrieving device list
[35m[AndroidDriver][39m Using device: emulator-5554
[35m[ADB][39m Using 'adb.exe' from 'C:\Users\dagangan\.katalon\tools\android_sdk\platform-tools\adb.exe'
[35m[ADB][39m Getting device platform version
[35m[UiAutomator2][39m Relaxing hidden api policy
[35m[AndroidDriver][39m No app sent in, not parsing package/activity
[35m[ADB][39m Using 'apksigner.jar' from 'C:\Users\dagangan\.katalon\tools\android_sdk\build-tools\29.0.3\lib\apksigner.jar'
[35m[ADB][39m 'C:\Users\dagangan\AppData\Roaming\npm\node_modules\appium\node_modules\appium-uiautomator2-server\apks\appium-uiautomator2-server-v4.21.1.apk' is signed with the default certificate
[35m[ADB][39m 'C:\Users\dagangan\AppData\Roaming\npm\node_modules\appium\node_modules\appium-uiautomator2-server\apks\appium-uiautomator2-server-debug-androidTest.apk' is signed with the default certificate
[35m[UiAutomator2][39m Server packages are not going to be (re)installed
[35m[ADB][39m Adding packages ["io.appium.settings","io.appium.uiautomator2.server","io.appium.uiautomator2.server.test"] to Doze whitelist
[35m[UiAutomator2][39m Starting UIAutomator2 server 4.21.1
[35m[UiAutomator2][39m Using UIAutomator2 server from 'C:\Users\dagangan\AppData\Roaming\npm\node_modules\appium\node_modules\appium-uiautomator2-server\apks\appium-uiautomator2-server-v4.21.1.apk' and test from 'C:\Users\dagangan\AppData\Roaming\npm\node_modules\appium\node_modules\appium-uiautomator2-server\apks\appium-uiautomator2-server-debug-androidTest.apk'
[35m[UiAutomator2][39m Waiting up to 30000ms for UiAutomator2 to be online...
[35m[WD Proxy][39m socket hang up
[35m[WD Proxy][39m socket hang up
[35m[WD Proxy][39m Determined the downstream protocol as 'W3C'
[35m[AndroidDriver][39m Screen already unlocked, doing nothing
[35m[UiAutomator2][39m Starting 'com.android.settings/.Settings and waiting for 'com.android.settings/.Settings'
[35m[Appium][39m New AndroidUiautomator2Driver session created successfully, session 5f0dd772-92ce-4811-b48e-ebf38d4fe419 added to master session list
[35m[HTTP][39m [37m<-- POST /wd/hub/session [39m[32m200[39m [90m5959 ms - 1213[39m
[35m[HTTP][39m [90m[39m
[35m[HTTP][39m [37m-->[39m [37mGET[39m [37m/wd/hub/session/5f0dd772-92ce-4811-b48e-ebf38d4fe419[39m
[35m[HTTP][39m [90m{}[39m
[35m[HTTP][39m [37m<-- GET /wd/hub/session/5f0dd772-92ce-4811-b48e-ebf38d4fe419 [39m[32m200[39m [90m51 ms - 1167[39m
[35m[HTTP][39m [90m[39m
[35m[HTTP][39m [37m-->[39m [37mGET[39m [37m/wd/hub/session/5f0dd772-92ce-4811-b48e-ebf38d4fe419[39m
[35m[HTTP][39m [90m{}[39m
[35m[HTTP][39m [37m<-- GET /wd/hub/session/5f0dd772-92ce-4811-b48e-ebf38d4fe419 [39m[32m200[39m [90m26 ms - 1167[39m
[35m[HTTP][39m [90m[39m
[35m[HTTP][39m [37m-->[39m [37mGET[39m [37m/wd/hub/status[39m
[35m[HTTP][39m [90m{}[39m
[35m[HTTP][39m [37m<-- GET /wd/hub/status [39m[32m200[39m [90m1 ms - 68[39m
[35m[HTTP][39m [90m[39m
[35m[HTTP][39m [37m-->[39m [37mPOST[39m [37m/wd/hub/session/5f0dd772-92ce-4811-b48e-ebf38d4fe419/timeouts[39m
[35m[HTTP][39m [90m{"implicit":60000}[39m
[35m[HTTP][39m [37m<-- POST /wd/hub/session/5f0dd772-92ce-4811-b48e-ebf38d4fe419/timeouts [39m[32m200[39m [90m4 ms - 14[39m
[35m[HTTP][39m [90m[39m
[35m[HTTP][39m [37m-->[39m [37mGET[39m [37m/wd/hub/session/5f0dd772-92ce-4811-b48e-ebf38d4fe419/screenshot[39m
[35m[HTTP][39m [90m{}[39m
[35m[HTTP][39m [37m<-- GET /wd/hub/session/5f0dd772-92ce-4811-b48e-ebf38d4fe419/screenshot [39m[32m200[39m [90m846 ms - 28992[39m
[35m[HTTP][39m [90m[39m
[35m[HTTP][39m [37m-->[39m [37mGET[39m [37m/wd/hub/session/5f0dd772-92ce-4811-b48e-ebf38d4fe419/window/rect[39m
[35m[HTTP][39m [90m{}[39m
[35m[HTTP][39m [37m<-- GET /wd/hub/session/5f0dd772-92ce-4811-b48e-ebf38d4fe419/window/rect [39m[32m200[39m [90m44 ms - 50[39m
[35m[HTTP][39m [90m[39m
[35m[HTTP][39m [37m-->[39m [37mGET[39m [37m/wd/hub/session/5f0dd772-92ce-4811-b48e-ebf38d4fe419/appium/device/system_bars[39m
[35m[HTTP][39m [90m{}[39m
[35m[HTTP][39m [37m<-- GET /wd/hub/session/5f0dd772-92ce-4811-b48e-ebf38d4fe419/appium/device/system_bars [39m[32m200[39m [90m381 ms - 148[39m
[35m[HTTP][39m [90m[39m
[35m[HTTP][39m [37m-->[39m [37mPOST[39m [37m/wd/hub/session/5f0dd772-92ce-4811-b48e-ebf38d4fe419/appium/device/activate_app[39m
[35m[HTTP][39m [90m{"bundleId":"com.cloudiex.possaku"}[39m
[35m[HTTP][39m [37m<-- POST /wd/hub/session/5f0dd772-92ce-4811-b48e-ebf38d4fe419/appium/device/activate_app [39m[32m200[39m [90m1003 ms - 14[39m
[35m[HTTP][39m [90m[39m
[35m[HTTP][39m [37m-->[39m [37mGET[39m [37m/wd/hub/session/5f0dd772-92ce-4811-b48e-ebf38d4fe419/source[39m
[35m[HTTP][39m [90m{}[39m
[35m[W3C (5f0dd772)][39m Driver proxy active, passing request on via HTTP proxy
[35m[WD Proxy][39m Replacing sessionId 30ebd658-1179-4da6-9490-7b709babd75c with 5f0dd772-92ce-4811-b48e-ebf38d4fe419
[35m[HTTP][39m [37m<-- GET /wd/hub/session/5f0dd772-92ce-4811-b48e-ebf38d4fe419/source [39m[32m200[39m [90m697 ms - 20579[39m
[35m[HTTP][39m [90m[39m
[35m[HTTP][39m [37m-->[39m [37mGET[39m [37m/wd/hub/session/5f0dd772-92ce-4811-b48e-ebf38d4fe419/screenshot[39m
[35m[HTTP][39m [90m{}[39m
[35m[HTTP][39m [37m<-- GET /wd/hub/session/5f0dd772-92ce-4811-b48e-ebf38d4fe419/screenshot [39m[32m200[39m [90m343 ms - 103802[39m
[35m[HTTP][39m [90m[39m
[35m[HTTP][39m [37m-->[39m [37mGET[39m [37m/wd/hub/session/5f0dd772-92ce-4811-b48e-ebf38d4fe419/source[39m
[35m[HTTP][39m [90m{}[39m
[35m[W3C (5f0dd772)][39m Driver proxy active, passing request on via HTTP proxy
[35m[WD Proxy][39m Replacing sessionId 30ebd658-1179-4da6-9490-7b709babd75c with 5f0dd772-92ce-4811-b48e-ebf38d4fe419
[35m[HTTP][39m [37m<-- GET /wd/hub/session/5f0dd772-92ce-4811-b48e-ebf38d4fe419/source [39m[32m200[39m [90m52 ms - 5715[39m
[35m[HTTP][39m [90m[39m
[35m[HTTP][39m [37m-->[39m [37mGET[39m [37m/wd/hub/session/5f0dd772-92ce-4811-b48e-ebf38d4fe419/screenshot[39m
[35m[HTTP][39m [90m{}[39m
[35m[HTTP][39m [37m<-- GET /wd/hub/session/5f0dd772-92ce-4811-b48e-ebf38d4fe419/screenshot [39m[32m200[39m [90m234 ms - 103630[39m
[35m[HTTP][39m [90m[39m
[35m[HTTP][39m [37m-->[39m [37mPOST[39m [37m/wd/hub/session/5f0dd772-92ce-4811-b48e-ebf38d4fe419/elements[39m
[35m[HTTP][39m [90m{"using":"xpath","value":"//*[@class = 'android.view.View' and @resource-id = '' and (@text = '' or . = '')]"}[39m
[35m[HTTP][39m [37m<-- POST /wd/hub/session/5f0dd772-92ce-4811-b48e-ebf38d4fe419/elements [39m[32m200[39m [90m91 ms - 651[39m
[35m[HTTP][39m [90m[39m
[35m[HTTP][39m [37m-->[39m [37mPOST[39m [37m/wd/hub/session/5f0dd772-92ce-4811-b48e-ebf38d4fe419/elements[39m
[35m[HTTP][39m [90m{"using":"accessibility id","value":"Selamat\nTransaksi Berhasil"}[39m
[35m[HTTP][39m [37m<-- POST /wd/hub/session/5f0dd772-92ce-4811-b48e-ebf38d4fe419/elements [39m[32m200[39m [90m17 ms - 139[39m
[35m[HTTP][39m [90m[39m
[35m[HTTP][39m [37m-->[39m [37mDELETE[39m [37m/wd/hub/session/5f0dd772-92ce-4811-b48e-ebf38d4fe419[39m
[35m[HTTP][39m [90m{}[39m
[35m[Appium][39m Removing session 5f0dd772-92ce-4811-b48e-ebf38d4fe419 from our master session list
[35m[UiAutomator2][39m Restoring hidden api policy to the device default configuration
[35m[HTTP][39m [37m<-- DELETE /wd/hub/session/5f0dd772-92ce-4811-b48e-ebf38d4fe419 [39m[32m200[39m [90m294 ms - 14[39m
[35m[HTTP][39m [90m[39m
